# JRE version: Java(TM) SE Runtime Environment (8.0_211-b12) (build 1.8.0_211-b12)
# Java VM: Java HotSpot(TM) 64-Bit Server VM (25.211-b12 mixed mode windows-amd64 compressed oops)
Heap:
 PSYoungGen      total 37888K, used 2596K [0x00000000d6300000, 0x00000000d8d00000, 0x0000000100000000)
  eden space 32768K, 7% used [0x00000000d6300000,0x00000000d6589188,0x00000000d8300000)
  from space 5120K, 0% used [0x00000000d8800000,0x00000000d8800000,0x00000000d8d00000)
  to   space 5120K, 0% used [0x00000000d8300000,0x00000000d8300000,0x00000000d8800000)
 ParOldGen       total 86016K, used 80894K [0x0000000082800000, 0x0000000087c00000, 0x00000000d6300000)
  object space 86016K, 94% used [0x0000000082800000,0x00000000876ff9d8,0x0000000087c00000)
 Metaspace       used 22186K, capacity 23148K, committed 23424K, reserved 1071104K
  class space    used 3080K, capacity 3331K, committed 3456K, reserved 1048576K
GC Heap History (10 events):
Event: 4.522 GC heap before
{Heap before GC invocations=6 (full 2):
 PSYoungGen      total 37888K, used 1536K [0x00000000d6300000, 0x00000000d8d00000, 0x0000000100000000)
  eden space 32768K, 0% used [0x00000000d6300000,0x00000000d6300000,0x00000000d8300000)
  from space 5120K, 30% used [0x00000000d8800000,0x00000000d8980020,0x00000000d8d00000)
  to   space 5120K, 0% used [0x00000000d8300000,0x00000000d8300000,0x00000000d8800000)
 ParOldGen       total 86016K, used 81044K [0x0000000082800000, 0x0000000087c00000, 0x00000000d6300000)
  object space 86016K, 94% used [0x0000000082800000,0x0000000087725018,0x0000000087c00000)
 Metaspace       used 20680K, capacity 21434K, committed 21760K, reserved 1069056K
  class space    used 2743K, capacity 2970K, committed 3072K, reserved 1048576K
Event: 4.564 GC heap after
Heap after GC invocations=6 (full 2):
 PSYoungGen      total 37888K, used 0K [0x00000000d6300000, 0x00000000d8d00000, 0x0000000100000000)
  eden space 32768K, 0% used [0x00000000d6300000,0x00000000d6300000,0x00000000d8300000)
  from space 5120K, 0% used [0x00000000d8800000,0x00000000d8800000,0x00000000d8d00000)
  to   space 5120K, 0% used [0x00000000d8300000,0x00000000d8300000,0x00000000d8800000)
 ParOldGen       total 86016K, used 81248K [0x0000000082800000, 0x0000000087c00000, 0x00000000d6300000)
  object space 86016K, 94% used [0x0000000082800000,0x00000000877582b0,0x0000000087c00000)
 Metaspace       used 20680K, capacity 21434K, committed 21760K, reserved 1069056K
  class space    used 2743K, capacity 2970K, committed 3072K, reserved 1048576K
}
Event: 4.564 GC heap before
{Heap before GC invocations=7 (full 2):
 PSYoungGen      total 37888K, used 0K [0x00000000d6300000, 0x00000000d8d00000, 0x0000000100000000)
  eden space 32768K, 0% used [0x00000000d6300000,0x00000000d6300000,0x00000000d8300000)
  from space 5120K, 0% used [0x00000000d8800000,0x00000000d8800000,0x00000000d8d00000)
  to   space 5120K, 0% used [0x00000000d8300000,0x00000000d8300000,0x00000000d8800000)
 ParOldGen       total 86016K, used 81248K [0x0000000082800000, 0x0000000087c00000, 0x00000000d6300000)
  object space 86016K, 94% used [0x0000000082800000,0x00000000877582b0,0x0000000087c00000)
 Metaspace       used 20680K, capacity 21434K, committed 21760K, reserved 1069056K
  class space    used 2743K, capacity 2970K, committed 3072K, reserved 1048576K
Event: 4.565 GC heap after
Heap after GC invocations=7 (full 2):
 PSYoungGen      total 37888K, used 0K [0x00000000d6300000, 0x00000000d8d00000, 0x0000000100000000)
  eden space 32768K, 0% used [0x00000000d6300000,0x00000000d6300000,0x00000000d8300000)
  from space 5120K, 0% used [0x00000000d8300000,0x00000000d8300000,0x00000000d8800000)
  to   space 5120K, 0% used [0x00000000d8800000,0x00000000d8800000,0x00000000d8d00000)
 ParOldGen       total 86016K, used 81248K [0x0000000082800000, 0x0000000087c00000, 0x00000000d6300000)
  object space 86016K, 94% used [0x0000000082800000,0x00000000877582b0,0x0000000087c00000)
 Metaspace       used 20680K, capacity 21434K, committed 21760K, reserved 1069056K
  class space    used 2743K, capacity 2970K, committed 3072K, reserved 1048576K
}
Event: 4.565 GC heap before
{Heap before GC invocations=8 (full 3):
 PSYoungGen      total 37888K, used 0K [0x00000000d6300000, 0x00000000d8d00000, 0x0000000100000000)
  eden space 32768K, 0% used [0x00000000d6300000,0x00000000d6300000,0x00000000d8300000)
  from space 5120K, 0% used [0x00000000d8300000,0x00000000d8300000,0x00000000d8800000)
  to   space 5120K, 0% used [0x00000000d8800000,0x00000000d8800000,0x00000000d8d00000)
 ParOldGen       total 86016K, used 81248K [0x0000000082800000, 0x0000000087c00000, 0x00000000d6300000)
  object space 86016K, 94% used [0x0000000082800000,0x00000000877582b0,0x0000000087c00000)
 Metaspace       used 20680K, capacity 21434K, committed 21760K, reserved 1069056K
  class space    used 2743K, capacity 2970K, committed 3072K, reserved 1048576K
Event: 4.651 GC heap after
Heap after GC invocations=8 (full 3):
 PSYoungGen      total 37888K, used 0K [0x00000000d6300000, 0x00000000d8d00000, 0x0000000100000000)
  eden space 32768K, 0% used [0x00000000d6300000,0x00000000d6300000,0x00000000d8300000)
  from space 5120K, 0% used [0x00000000d8300000,0x00000000d8300000,0x00000000d8800000)
  to   space 5120K, 0% used [0x00000000d8800000,0x00000000d8800000,0x00000000d8d00000)
 ParOldGen       total 86016K, used 80690K [0x0000000082800000, 0x0000000087c00000, 0x00000000d6300000)
  object space 86016K, 93% used [0x0000000082800000,0x00000000876ccbd8,0x0000000087c00000)
 Metaspace       used 20607K, capacity 21316K, committed 21760K, reserved 1069056K
  class space    used 2729K, capacity 2945K, committed 3072K, reserved 1048576K
}
Event: 4.738 GC heap before
{Heap before GC invocations=9 (full 3):
 PSYoungGen      total 37888K, used 2457K [0x00000000d6300000, 0x00000000d8d00000, 0x0000000100000000)
  eden space 32768K, 7% used [0x00000000d6300000,0x00000000d6566748,0x00000000d8300000)
  from space 5120K, 0% used [0x00000000d8300000,0x00000000d8300000,0x00000000d8800000)
  to   space 5120K, 0% used [0x00000000d8800000,0x00000000d8800000,0x00000000d8d00000)
 ParOldGen       total 86016K, used 80690K [0x0000000082800000, 0x0000000087c00000, 0x00000000d6300000)
  object space 86016K, 93% used [0x0000000082800000,0x00000000876ccbd8,0x0000000087c00000)
 Metaspace       used 21508K, capacity 22262K, committed 22400K, reserved 1073152K
  class space    used 2915K, capacity 3122K, committed 3200K, reserved 1048576K
Event: 4.740 GC heap after
Heap after GC invocations=9 (full 3):
 PSYoungGen      total 37888K, used 320K [0x00000000d6300000, 0x00000000d8d00000, 0x0000000100000000)
  eden space 32768K, 0% used [0x00000000d6300000,0x00000000d6300000,0x00000000d8300000)
  from space 5120K, 6% used [0x00000000d8800000,0x00000000d8850000,0x00000000d8d00000)
  to   space 5120K, 0% used [0x00000000d8300000,0x00000000d8300000,0x00000000d8800000)
 ParOldGen       total 86016K, used 80690K [0x0000000082800000, 0x0000000087c00000, 0x00000000d6300000)
  object space 86016K, 93% used [0x0000000082800000,0x00000000876ccbd8,0x0000000087c00000)
 Metaspace       used 21508K, capacity 22262K, committed 22400K, reserved 1073152K
  class space    used 2915K, capacity 3122K, committed 3200K, reserved 1048576K
}
Event: 4.740 GC heap before
{Heap before GC invocations=10 (full 4):
 PSYoungGen      total 37888K, used 320K [0x00000000d6300000, 0x00000000d8d00000, 0x0000000100000000)
  eden space 32768K, 0% used [0x00000000d6300000,0x00000000d6300000,0x00000000d8300000)
  from space 5120K, 6% used [0x00000000d8800000,0x00000000d8850000,0x00000000d8d00000)
  to   space 5120K, 0% used [0x00000000d8300000,0x00000000d8300000,0x00000000d8800000)
 ParOldGen       total 86016K, used 80690K [0x0000000082800000, 0x0000000087c00000, 0x00000000d6300000)
  object space 86016K, 93% used [0x0000000082800000,0x00000000876ccbd8,0x0000000087c00000)
 Metaspace       used 21508K, capacity 22262K, committed 22400K, reserved 1073152K
  class space    used 2915K, capacity 3122K, committed 3200K, reserved 1048576K
Event: 4.779 GC heap after
Heap after GC invocations=10 (full 4):
 PSYoungGen      total 37888K, used 0K [0x00000000d6300000, 0x00000000d8d00000, 0x0000000100000000)
  eden space 32768K, 0% used [0x00000000d6300000,0x00000000d6300000,0x00000000d8300000)
  from space 5120K, 0% used [0x00000000d8800000,0x00000000d8800000,0x00000000d8d00000)
  to   space 5120K, 0% used [0x00000000d8300000,0x00000000d8300000,0x00000000d8800000)
 ParOldGen       total 86016K, used 80894K [0x0000000082800000, 0x0000000087c00000, 0x00000000d6300000)
  object space 86016K, 94% used [0x0000000082800000,0x00000000876ff9d8,0x0000000087c00000)
 Metaspace       used 21508K, capacity 22262K, committed 22400K, reserved 1071104K
  class space    used 2915K, capacity 3122K, committed 3200K, reserved 1048576K
}

