# JRE version: Java(TM) SE Runtime Environment (8.0_211-b12) (build 1.8.0_211-b12)
# Java VM: Java HotSpot(TM) 64-Bit Server VM (25.211-b12 mixed mode windows-amd64 compressed oops)
Heap:
 PSYoungGen      total 37888K, used 8996K [0x00000000d6300000, 0x00000000d8d00000, 0x0000000100000000)
  eden space 32768K, 27% used [0x00000000d6300000,0x00000000d6bc9100,0x00000000d8300000)
  from space 5120K, 0% used [0x00000000d8300000,0x00000000d8300000,0x00000000d8800000)
  to   space 5120K, 0% used [0x00000000d8800000,0x00000000d8800000,0x00000000d8d00000)
 ParOldGen       total 86016K, used 80694K [0x0000000082800000, 0x0000000087c00000, 0x00000000d6300000)
  object space 86016K, 93% used [0x0000000082800000,0x00000000876cdbb0,0x0000000087c00000)
 Metaspace       used 22545K, capacity 23556K, committed 23680K, reserved 1069056K
  class space    used 3118K, capacity 3369K, committed 3456K, reserved 1048576K
GC Heap History (10 events):
Event: 7.014 GC heap before
{Heap before GC invocations=4 (full 1):
 PSYoungGen      total 37888K, used 5112K [0x00000000d6300000, 0x00000000d8d00000, 0x0000000100000000)
  eden space 32768K, 0% used [0x00000000d6300000,0x00000000d6300000,0x00000000d8300000)
  from space 5120K, 99% used [0x00000000d8300000,0x00000000d87fe320,0x00000000d8800000)
  to   space 5120K, 0% used [0x00000000d8800000,0x00000000d8800000,0x00000000d8d00000)
 ParOldGen       total 86016K, used 82030K [0x0000000082800000, 0x0000000087c00000, 0x00000000d6300000)
  object space 86016K, 95% used [0x0000000082800000,0x000000008781b9d8,0x0000000087c00000)
 Metaspace       used 20551K, capacity 21236K, committed 21296K, reserved 1067008K
  class space    used 2722K, capacity 2903K, committed 2944K, reserved 1048576K
Event: 7.054 GC heap after
Heap after GC invocations=4 (full 1):
 PSYoungGen      total 37888K, used 0K [0x00000000d6300000, 0x00000000d8d00000, 0x0000000100000000)
  eden space 32768K, 0% used [0x00000000d6300000,0x00000000d6300000,0x00000000d8300000)
  from space 5120K, 0% used [0x00000000d8300000,0x00000000d8300000,0x00000000d8800000)
  to   space 5120K, 0% used [0x00000000d8800000,0x00000000d8800000,0x00000000d8d00000)
 ParOldGen       total 86016K, used 81673K [0x0000000082800000, 0x0000000087c00000, 0x00000000d6300000)
  object space 86016K, 94% used [0x0000000082800000,0x00000000877c2490,0x0000000087c00000)
 Metaspace       used 20551K, capacity 21236K, committed 21296K, reserved 1067008K
  class space    used 2722K, capacity 2903K, committed 2944K, reserved 1048576K
}
Event: 7.121 GC heap before
{Heap before GC invocations=5 (full 1):
 PSYoungGen      total 37888K, used 4104K [0x00000000d6300000, 0x00000000d8d00000, 0x0000000100000000)
  eden space 32768K, 12% used [0x00000000d6300000,0x00000000d6702230,0x00000000d8300000)
  from space 5120K, 0% used [0x00000000d8300000,0x00000000d8300000,0x00000000d8800000)
  to   space 5120K, 0% used [0x00000000d8800000,0x00000000d8800000,0x00000000d8d00000)
 ParOldGen       total 86016K, used 81673K [0x0000000082800000, 0x0000000087c00000, 0x00000000d6300000)
  object space 86016K, 94% used [0x0000000082800000,0x00000000877c2490,0x0000000087c00000)
 Metaspace       used 20661K, capacity 21446K, committed 21760K, reserved 1069056K
  class space    used 2746K, capacity 2970K, committed 3072K, reserved 1048576K
Event: 7.124 GC heap after
Heap after GC invocations=5 (full 1):
 PSYoungGen      total 37888K, used 1472K [0x00000000d6300000, 0x00000000d8d00000, 0x0000000100000000)
  eden space 32768K, 0% used [0x00000000d6300000,0x00000000d6300000,0x00000000d8300000)
  from space 5120K, 28% used [0x00000000d8800000,0x00000000d8970020,0x00000000d8d00000)
  to   space 5120K, 0% used [0x00000000d8300000,0x00000000d8300000,0x00000000d8800000)
 ParOldGen       total 86016K, used 81681K [0x0000000082800000, 0x0000000087c00000, 0x00000000d6300000)
  object space 86016K, 94% used [0x0000000082800000,0x00000000877c4490,0x0000000087c00000)
 Metaspace       used 20661K, capacity 21446K, committed 21760K, reserved 1069056K
  class space    used 2746K, capacity 2970K, committed 3072K, reserved 1048576K
}
Event: 7.124 GC heap before
{Heap before GC invocations=6 (full 2):
 PSYoungGen      total 37888K, used 1472K [0x00000000d6300000, 0x00000000d8d00000, 0x0000000100000000)
  eden space 32768K, 0% used [0x00000000d6300000,0x00000000d6300000,0x00000000d8300000)
  from space 5120K, 28% used [0x00000000d8800000,0x00000000d8970020,0x00000000d8d00000)
  to   space 5120K, 0% used [0x00000000d8300000,0x00000000d8300000,0x00000000d8800000)
 ParOldGen       total 86016K, used 81681K [0x0000000082800000, 0x0000000087c00000, 0x00000000d6300000)
  object space 86016K, 94% used [0x0000000082800000,0x00000000877c4490,0x0000000087c00000)
 Metaspace       used 20661K, capacity 21446K, committed 21760K, reserved 1069056K
  class space    used 2746K, capacity 2970K, committed 3072K, reserved 1048576K
Event: 7.239 GC heap after
Heap after GC invocations=6 (full 2):
 PSYoungGen      total 37888K, used 0K [0x00000000d6300000, 0x00000000d8d00000, 0x0000000100000000)
  eden space 32768K, 0% used [0x00000000d6300000,0x00000000d6300000,0x00000000d8300000)
  from space 5120K, 0% used [0x00000000d8800000,0x00000000d8800000,0x00000000d8d00000)
  to   space 5120K, 0% used [0x00000000d8300000,0x00000000d8300000,0x00000000d8800000)
 ParOldGen       total 86016K, used 81252K [0x0000000082800000, 0x0000000087c00000, 0x00000000d6300000)
  object space 86016K, 94% used [0x0000000082800000,0x0000000087759090,0x0000000087c00000)
 Metaspace       used 20661K, capacity 21446K, committed 21760K, reserved 1069056K
  class space    used 2746K, capacity 2970K, committed 3072K, reserved 1048576K
}
Event: 7.240 GC heap before
{Heap before GC invocations=7 (full 2):
 PSYoungGen      total 37888K, used 0K [0x00000000d6300000, 0x00000000d8d00000, 0x0000000100000000)
  eden space 32768K, 0% used [0x00000000d6300000,0x00000000d6300000,0x00000000d8300000)
  from space 5120K, 0% used [0x00000000d8800000,0x00000000d8800000,0x00000000d8d00000)
  to   space 5120K, 0% used [0x00000000d8300000,0x00000000d8300000,0x00000000d8800000)
 ParOldGen       total 86016K, used 81252K [0x0000000082800000, 0x0000000087c00000, 0x00000000d6300000)
  object space 86016K, 94% used [0x0000000082800000,0x0000000087759090,0x0000000087c00000)
 Metaspace       used 20661K, capacity 21446K, committed 21760K, reserved 1069056K
  class space    used 2746K, capacity 2970K, committed 3072K, reserved 1048576K
Event: 7.241 GC heap after
Heap after GC invocations=7 (full 2):
 PSYoungGen      total 37888K, used 0K [0x00000000d6300000, 0x00000000d8d00000, 0x0000000100000000)
  eden space 32768K, 0% used [0x00000000d6300000,0x00000000d6300000,0x00000000d8300000)
  from space 5120K, 0% used [0x00000000d8300000,0x00000000d8300000,0x00000000d8800000)
  to   space 5120K, 0% used [0x00000000d8800000,0x00000000d8800000,0x00000000d8d00000)
 ParOldGen       total 86016K, used 81252K [0x0000000082800000, 0x0000000087c00000, 0x00000000d6300000)
  object space 86016K, 94% used [0x0000000082800000,0x0000000087759090,0x0000000087c00000)
 Metaspace       used 20661K, capacity 21446K, committed 21760K, reserved 1069056K
  class space    used 2746K, capacity 2970K, committed 3072K, reserved 1048576K
}
Event: 7.241 GC heap before
{Heap before GC invocations=8 (full 3):
 PSYoungGen      total 37888K, used 0K [0x00000000d6300000, 0x00000000d8d00000, 0x0000000100000000)
  eden space 32768K, 0% used [0x00000000d6300000,0x00000000d6300000,0x00000000d8300000)
  from space 5120K, 0% used [0x00000000d8300000,0x00000000d8300000,0x00000000d8800000)
  to   space 5120K, 0% used [0x00000000d8800000,0x00000000d8800000,0x00000000d8d00000)
 ParOldGen       total 86016K, used 81252K [0x0000000082800000, 0x0000000087c00000, 0x00000000d6300000)
  object space 86016K, 94% used [0x0000000082800000,0x0000000087759090,0x0000000087c00000)
 Metaspace       used 20661K, capacity 21446K, committed 21760K, reserved 1069056K
  class space    used 2746K, capacity 2970K, committed 3072K, reserved 1048576K
Event: 7.351 GC heap after
Heap after GC invocations=8 (full 3):
 PSYoungGen      total 37888K, used 0K [0x00000000d6300000, 0x00000000d8d00000, 0x0000000100000000)
  eden space 32768K, 0% used [0x00000000d6300000,0x00000000d6300000,0x00000000d8300000)
  from space 5120K, 0% used [0x00000000d8300000,0x00000000d8300000,0x00000000d8800000)
  to   space 5120K, 0% used [0x00000000d8800000,0x00000000d8800000,0x00000000d8d00000)
 ParOldGen       total 86016K, used 80694K [0x0000000082800000, 0x0000000087c00000, 0x00000000d6300000)
  object space 86016K, 93% used [0x0000000082800000,0x00000000876cdbb0,0x0000000087c00000)
 Metaspace       used 20588K, capacity 21328K, committed 21760K, reserved 1069056K
  class space    used 2732K, capacity 2945K, committed 3072K, reserved 1048576K
}

